# JRE version: OpenJDK Runtime Environment (8.0_112-b06) (build 1.8.0_112-release-b06)
# Java VM: OpenJDK 64-Bit Server VM (25.112-b06 mixed mode windows-amd64 compressed oops)
Heap:
 PSYoungGen      total 369664K, used 40813K [0x00000000e0000000, 0x00000000fdb00000, 0x0000000100000000)
  eden space 328704K, 0% used [0x00000000e0000000,0x00000000e0000000,0x00000000f4100000)
  from space 40960K, 99% used [0x00000000f4c00000,0x00000000f73db4c8,0x00000000f7400000)
  to   space 78848K, 0% used [0x00000000f8e00000,0x00000000f8e00000,0x00000000fdb00000)
 ParOldGen       total 326656K, used 294383K [0x00000000a0000000, 0x00000000b3f00000, 0x00000000e0000000)
  object space 326656K, 90% used [0x00000000a0000000,0x00000000b1f7bd20,0x00000000b3f00000)
 Metaspace       used 87340K, capacity 95976K, committed 96472K, reserved 1134592K
  class space    used 11080K, capacity 12069K, committed 12288K, reserved 1048576K
GC Heap History (10 events):
Event: 6594.523 GC heap after
Heap after GC invocations=148 (full 9):
 PSYoungGen      total 434176K, used 2068K [0x00000000e0000000, 0x0000000100000000, 0x0000000100000000)
  eden space 347648K, 0% used [0x00000000e0000000,0x00000000e0000000,0x00000000f5380000)
  from space 86528K, 2% used [0x00000000f5380000,0x00000000f5585250,0x00000000fa800000)
  to   space 86016K, 0% used [0x00000000fac00000,0x00000000fac00000,0x0000000100000000)
 ParOldGen       total 326656K, used 200351K [0x00000000a0000000, 0x00000000b3f00000, 0x00000000e0000000)
  object space 326656K, 61% used [0x00000000a0000000,0x00000000ac3a7de8,0x00000000b3f00000)
 Metaspace       used 83118K, capacity 91332K, committed 94168K, reserved 1130496K
  class space    used 10418K, capacity 11393K, committed 12288K, reserved 1048576K
}
Event: 6600.375 GC heap before
{Heap before GC invocations=149 (full 9):
 PSYoungGen      total 434176K, used 349716K [0x00000000e0000000, 0x0000000100000000, 0x0000000100000000)
  eden space 347648K, 100% used [0x00000000e0000000,0x00000000f5380000,0x00000000f5380000)
  from space 86528K, 2% used [0x00000000f5380000,0x00000000f5585250,0x00000000fa800000)
  to   space 86016K, 0% used [0x00000000fac00000,0x00000000fac00000,0x0000000100000000)
 ParOldGen       total 326656K, used 200351K [0x00000000a0000000, 0x00000000b3f00000, 0x00000000e0000000)
  object space 326656K, 61% used [0x00000000a0000000,0x00000000ac3a7de8,0x00000000b3f00000)
 Metaspace       used 84450K, capacity 92800K, committed 94168K, reserved 1130496K
  class space    used 10625K, capacity 11601K, committed 12288K, reserved 1048576K
Event: 6600.427 GC heap after
Heap after GC invocations=149 (full 9):
 PSYoungGen      total 432128K, used 36813K [0x00000000e0000000, 0x00000000ffa80000, 0x0000000100000000)
  eden space 351744K, 0% used [0x00000000e0000000,0x00000000e0000000,0x00000000f5780000)
  from space 80384K, 45% used [0x00000000fac00000,0x00000000fcff3728,0x00000000ffa80000)
  to   space 83456K, 0% used [0x00000000f5780000,0x00000000f5780000,0x00000000fa900000)
 ParOldGen       total 326656K, used 201215K [0x00000000a0000000, 0x00000000b3f00000, 0x00000000e0000000)
  object space 326656K, 61% used [0x00000000a0000000,0x00000000ac47fec8,0x00000000b3f00000)
 Metaspace       used 84450K, capacity 92800K, committed 94168K, reserved 1130496K
  class space    used 10625K, capacity 11601K, committed 12288K, reserved 1048576K
}
Event: 6612.347 GC heap before
{Heap before GC invocations=150 (full 9):
 PSYoungGen      total 432128K, used 388557K [0x00000000e0000000, 0x00000000ffa80000, 0x0000000100000000)
  eden space 351744K, 100% used [0x00000000e0000000,0x00000000f5780000,0x00000000f5780000)
  from space 80384K, 45% used [0x00000000fac00000,0x00000000fcff3728,0x00000000ffa80000)
  to   space 83456K, 0% used [0x00000000f5780000,0x00000000f5780000,0x00000000fa900000)
 ParOldGen       total 326656K, used 201215K [0x00000000a0000000, 0x00000000b3f00000, 0x00000000e0000000)
  object space 326656K, 61% used [0x00000000a0000000,0x00000000ac47fec8,0x00000000b3f00000)
 Metaspace       used 84631K, capacity 93084K, committed 94168K, reserved 1130496K
  class space    used 10656K, capacity 11631K, committed 12288K, reserved 1048576K
Event: 6612.424 GC heap after
Heap after GC invocations=150 (full 9):
 PSYoungGen      total 435200K, used 40074K [0x00000000e0000000, 0x0000000100000000, 0x0000000100000000)
  eden space 351744K, 0% used [0x00000000e0000000,0x00000000e0000000,0x00000000f5780000)
  from space 83456K, 48% used [0x00000000f5780000,0x00000000f7ea2860,0x00000000fa900000)
  to   space 81920K, 0% used [0x00000000fb000000,0x00000000fb000000,0x0000000100000000)
 ParOldGen       total 326656K, used 232173K [0x00000000a0000000, 0x00000000b3f00000, 0x00000000e0000000)
  object space 326656K, 71% used [0x00000000a0000000,0x00000000ae2bb708,0x00000000b3f00000)
 Metaspace       used 84631K, capacity 93084K, committed 94168K, reserved 1130496K
  class space    used 10656K, capacity 11631K, committed 12288K, reserved 1048576K
}
Event: 6732.263 GC heap before
{Heap before GC invocations=151 (full 9):
 PSYoungGen      total 435200K, used 391818K [0x00000000e0000000, 0x0000000100000000, 0x0000000100000000)
  eden space 351744K, 100% used [0x00000000e0000000,0x00000000f5780000,0x00000000f5780000)
  from space 83456K, 48% used [0x00000000f5780000,0x00000000f7ea2860,0x00000000fa900000)
  to   space 81920K, 0% used [0x00000000fb000000,0x00000000fb000000,0x0000000100000000)
 ParOldGen       total 326656K, used 232173K [0x00000000a0000000, 0x00000000b3f00000, 0x00000000e0000000)
  object space 326656K, 71% used [0x00000000a0000000,0x00000000ae2bb708,0x00000000b3f00000)
 Metaspace       used 85979K, capacity 94530K, committed 95448K, reserved 1132544K
  class space    used 10868K, capacity 11850K, committed 12288K, reserved 1048576K
Event: 6732.374 GC heap after
Heap after GC invocations=151 (full 9):
 PSYoungGen      total 398336K, used 39419K [0x00000000e0000000, 0x00000000fe900000, 0x0000000100000000)
  eden space 339968K, 0% used [0x00000000e0000000,0x00000000e0000000,0x00000000f4c00000)
  from space 58368K, 67% used [0x00000000fb000000,0x00000000fd67eec0,0x00000000fe900000)
  to   space 80384K, 0% used [0x00000000f4c00000,0x00000000f4c00000,0x00000000f9a80000)
 ParOldGen       total 326656K, used 263924K [0x00000000a0000000, 0x00000000b3f00000, 0x00000000e0000000)
  object space 326656K, 80% used [0x00000000a0000000,0x00000000b01bd270,0x00000000b3f00000)
 Metaspace       used 85979K, capacity 94530K, committed 95448K, reserved 1132544K
  class space    used 10868K, capacity 11850K, committed 12288K, reserved 1048576K
}
Event: 6758.276 GC heap before
{Heap before GC invocations=152 (full 9):
 PSYoungGen      total 398336K, used 379387K [0x00000000e0000000, 0x00000000fe900000, 0x0000000100000000)
  eden space 339968K, 100% used [0x00000000e0000000,0x00000000f4c00000,0x00000000f4c00000)
  from space 58368K, 67% used [0x00000000fb000000,0x00000000fd67eec0,0x00000000fe900000)
  to   space 80384K, 0% used [0x00000000f4c00000,0x00000000f4c00000,0x00000000f9a80000)
 ParOldGen       total 326656K, used 263924K [0x00000000a0000000, 0x00000000b3f00000, 0x00000000e0000000)
  object space 326656K, 80% used [0x00000000a0000000,0x00000000b01bd270,0x00000000b3f00000)
 Metaspace       used 87340K, capacity 95976K, committed 96472K, reserved 1134592K
  class space    used 11080K, capacity 12069K, committed 12288K, reserved 1048576K
Event: 6758.338 GC heap after
Heap after GC invocations=152 (full 9):
 PSYoungGen      total 369664K, used 40813K [0x00000000e0000000, 0x00000000fdb00000, 0x0000000100000000)
  eden space 328704K, 0% used [0x00000000e0000000,0x00000000e0000000,0x00000000f4100000)
  from space 40960K, 99% used [0x00000000f4c00000,0x00000000f73db4c8,0x00000000f7400000)
  to   space 78848K, 0% used [0x00000000f8e00000,0x00000000f8e00000,0x00000000fdb00000)
 ParOldGen       total 326656K, used 294383K [0x00000000a0000000, 0x00000000b3f00000, 0x00000000e0000000)
  object space 326656K, 90% used [0x00000000a0000000,0x00000000b1f7bd20,0x00000000b3f00000)
 Metaspace       used 87340K, capacity 95976K, committed 96472K, reserved 1134592K
  class space    used 11080K, capacity 12069K, committed 12288K, reserved 1048576K
}
Event: 6758.338 GC heap before
{Heap before GC invocations=153 (full 10):
 PSYoungGen      total 369664K, used 40813K [0x00000000e0000000, 0x00000000fdb00000, 0x0000000100000000)
  eden space 328704K, 0% used [0x00000000e0000000,0x00000000e0000000,0x00000000f4100000)
  from space 40960K, 99% used [0x00000000f4c00000,0x00000000f73db4c8,0x00000000f7400000)
  to   space 78848K, 0% used [0x00000000f8e00000,0x00000000f8e00000,0x00000000fdb00000)
 ParOldGen       total 326656K, used 294383K [0x00000000a0000000, 0x00000000b3f00000, 0x00000000e0000000)
  object space 326656K, 90% used [0x00000000a0000000,0x00000000b1f7bd20,0x00000000b3f00000)
 Metaspace       used 87340K, capacity 95976K, committed 96472K, reserved 1134592K
  class space    used 11080K, capacity 12069K, committed 12288K, reserved 1048576K

